inside get_trains
B
http://cloud.tfl.gov.uk/TrackerNet/PredictionSummary/B
inside get_trains
B
http://cloud.tfl.gov.uk/TrackerNet/PredictionSummary/B
inside get_trains
B
http://cloud.tfl.gov.uk/TrackerNet/PredictionSummary/B
inside get_trains
B
http://cloud.tfl.gov.uk/TrackerNet/PredictionSummary/B
inside get_trains
B
http://cloud.tfl.gov.uk/TrackerNet/PredictionSummary/B
inside get_trains
D
http://cloud.tfl.gov.uk/TrackerNet/PredictionSummary/D
inside get_trains
D
http://cloud.tfl.gov.uk/TrackerNet/PredictionSummary/D
inside get_trains
D
http://cloud.tfl.gov.uk/TrackerNet/PredictionSummary/D
inside get_trains
D
http://cloud.tfl.gov.uk/TrackerNet/PredictionSummary/D
inside get_trains
B
http://cloud.tfl.gov.uk/TrackerNet/PredictionSummary/B
inside get_trains
B
http://cloud.tfl.gov.uk/TrackerNet/PredictionSummary/B
inside get_trains
C
http://cloud.tfl.gov.uk/TrackerNet/PredictionSummary/C
inside get_trains
C
http://cloud.tfl.gov.uk/TrackerNet/PredictionSummary/C
inside get_trains
B
http://cloud.tfl.gov.uk/TrackerNet/PredictionSummary/B
inside get_trains
B
http://cloud.tfl.gov.uk/TrackerNet/PredictionSummary/B
